\BOOKMARK [0][-]{chapter*.9}{Introducci\363n}{}% 1
\BOOKMARK [0][-]{chapter.1}{Cap\355tulo 1}{}% 2
\BOOKMARK [1][-]{section.1.1}{Identificaci\363n de las fuentes de datos}{chapter.1}% 3
\BOOKMARK [1][-]{section.1.2}{Planteanimiento del problema}{chapter.1}% 4
\BOOKMARK [1][-]{section.1.3}{Preguntas, hip\363tesis y objetivos}{chapter.1}% 5
\BOOKMARK [1][-]{section.1.4}{Creaci\363n de la base de datos}{chapter.1}% 6
\BOOKMARK [0][-]{chapter.2}{Cap\355tulo 2}{}% 7
\BOOKMARK [1][-]{section.2.1}{L\355mites y alcances}{chapter.2}% 8
\BOOKMARK [1][-]{section.2.2}{Justificaci\363n}{chapter.2}% 9
\BOOKMARK [1][-]{section.2.3}{Limpieza y procesamiento de la base de datos}{chapter.2}% 10
\BOOKMARK [1][-]{section.2.4}{An\341lisis exploratorio de los datos}{chapter.2}% 11
\BOOKMARK [1][-]{section.2.5}{Ajuste de los par\341metros de los modelos}{chapter.2}% 12
\BOOKMARK [0][-]{chapter.3}{Cap\355tulo 3}{}% 13
\BOOKMARK [1][-]{section.3.1}{Marco te\363rico}{chapter.3}% 14
\BOOKMARK [1][-]{section.3.2}{Marco metodol\363gico}{chapter.3}% 15
\BOOKMARK [1][-]{section.3.3}{An\341lisis estad\355stico de los resultados}{chapter.3}% 16
\BOOKMARK [1][-]{section.3.4}{Conclusiones}{chapter.3}% 17
\BOOKMARK [1][-]{section.3.5}{Estructura y formatos}{chapter.3}% 18
\BOOKMARK [0][-]{chapter*.10}{Conclusiones}{}% 19
\BOOKMARK [0][-]{chapter*.10}{Bibliograf\355a}{}% 20
\BOOKMARK [0][-]{chapter*.11}{ANEXOS}{}% 21
\BOOKMARK [0][-]{appendix.Alph1}{Anexo 1}{}% 22
